<?xml version="1.0" encoding="UTF-8"?>
<testng-results skipped="0" failed="0" ignored="0" total="1" passed="1">
  <reporter-output>
  </reporter-output>
  <suite name="Default suite" duration-ms="106" started-at="2020-07-26T11:20:20Z" finished-at="2020-07-26T11:20:20Z">
    <groups>
    </groups>
    <test name="Default test" duration-ms="106" started-at="2020-07-26T11:20:20Z" finished-at="2020-07-26T11:20:20Z">
      <class name="com.GitTrail.GitTut">
        <test-method status="PASS" signature="login()[pri:0, instance:com.GitTrail.GitTut@15be6bb]" name="login" duration-ms="28" started-at="2020-07-26T11:20:20Z" finished-at="2020-07-26T11:20:20Z">
          <reporter-output>
          </reporter-output>
        </test-method> <!-- login -->
      </class> <!-- com.GitTrail.GitTut -->
    </test> <!-- Default test -->
  </suite> <!-- Default suite -->
</testng-results>
